[0mOPTIONS /api/category/admin/main-list [32m204[0m 6.085 ms - 0[0m
[0mOPTIONS /api/seller/admin/product/search?id=5 [32m204[0m 0.971 ms - 0[0m
[0mOPTIONS /api/category/getAllSubCategory?categoryId=undefined [32m204[0m 0.595 ms - 0[0m
[0mOPTIONS /api/attribute/getAttribute?id=8 [32m204[0m 0.750 ms - 0[0m
[0mOPTIONS /api/attribute/getAttribute?id=6 [32m204[0m 1.958 ms - 0[0m
[0mOPTIONS /api/attribute/getAttribute?id=1 [32m204[0m 1.060 ms - 0[0m
[0mOPTIONS /api/attribute/getAttribute?id=7 [32m204[0m 0.757 ms - 0[0m
[0mOPTIONS /api/attribute/getAttribute?id=2 [32m204[0m 0.692 ms - 0[0m
[0mGET /api/category/admin/main-list [36m304[0m 59.311 ms - -[0m
[0mGET /api/seller/admin/product/search?id=5 [36m304[0m 66.059 ms - -[0m
[0mGET /api/attribute/getAttribute?id=6 [36m304[0m 60.694 ms - -[0m
[0mGET /api/attribute/getAttribute?id=8 [36m304[0m 82.376 ms - -[0m
[0mGET /api/category/getAllSubCategory?categoryId=undefined [36m304[0m 103.721 ms - -[0m
[0mGET /api/attribute/getAttribute?id=1 [36m304[0m 102.942 ms - -[0m
[0mGET /api/attribute/getAttribute?id=7 [36m304[0m 124.197 ms - -[0m
[0mGET /api/attribute/getAttribute?id=2 [36m304[0m 116.760 ms - -[0m
[0mOPTIONS /api/order/list [32m204[0m 0.999 ms - 0[0m
[0mOPTIONS /api/order/getAllOrderInfo [32m204[0m 1.219 ms - 0[0m
[0mOPTIONS /api/order/OrderMatrix [32m204[0m 0.711 ms - 0[0m
[0mPOST /api/order/list [32m200[0m 266.606 ms - 12162[0m
[0mGET /api/order/getAllOrderInfo [36m304[0m 279.054 ms - -[0m
[0mPOST /api/order/OrderMatrix [32m200[0m 222.407 ms - 37552[0m
[0mOPTIONS /api/seller/history-product?limit=20&page=1 [32m204[0m 0.571 ms - 0[0m
[0mGET /api/seller/history-product?limit=20&page=1 [36m304[0m 197.497 ms - -[0m
[0mOPTIONS /api/category/admin/main-list [32m204[0m 0.802 ms - 0[0m
[0mOPTIONS /api/seller/admin/product/search?id=32 [32m204[0m 0.939 ms - 0[0m
[0mOPTIONS /api/category/getAllSubCategory?categoryId=undefined [32m204[0m 1.000 ms - 0[0m
[0mOPTIONS /api/attribute/getAttribute?id=8 [32m204[0m 0.634 ms - 0[0m
[0mOPTIONS /api/attribute/getAttribute?id=6 [32m204[0m 0.537 ms - 0[0m
[0mOPTIONS /api/attribute/getAttribute?id=2 [32m204[0m 0.574 ms - 0[0m
[0mOPTIONS /api/attribute/getAttribute?id=1 [32m204[0m 0.553 ms - 0[0m
[0mOPTIONS /api/attribute/getAttribute?id=7 [32m204[0m 1.456 ms - 0[0m
[0mGET /api/category/admin/main-list [36m304[0m 42.327 ms - -[0m
[0mGET /api/category/getAllSubCategory?categoryId=undefined [36m304[0m 38.042 ms - -[0m
[0mGET /api/seller/admin/product/search?id=32 [36m304[0m 42.053 ms - -[0m
[0mGET /api/attribute/getAttribute?id=6 [36m304[0m 60.524 ms - -[0m
[0mGET /api/attribute/getAttribute?id=8 [36m304[0m 68.559 ms - -[0m
[0mGET /api/attribute/getAttribute?id=2 [36m304[0m 61.724 ms - -[0m
[0mGET /api/attribute/getAttribute?id=1 [36m304[0m 39.730 ms - -[0m
[0mGET /api/attribute/getAttribute?id=7 [36m304[0m 39.604 ms - -[0m
[0mOPTIONS /api/category/admin/main-list [32m204[0m 0.760 ms - 0[0m
[0mOPTIONS /api/seller/admin/product/search?id=32 [32m204[0m 0.644 ms - 0[0m
[0mOPTIONS /api/category/getAllSubCategory?categoryId=undefined [32m204[0m 0.558 ms - 0[0m
[0mOPTIONS /api/attribute/getAttribute?id=8 [32m204[0m 0.548 ms - 0[0m
[0mOPTIONS /api/attribute/getAttribute?id=6 [32m204[0m 0.506 ms - 0[0m
[0mOPTIONS /api/attribute/getAttribute?id=1 [32m204[0m 0.465 ms - 0[0m
[0mOPTIONS /api/attribute/getAttribute?id=7 [32m204[0m 0.505 ms - 0[0m
[0mOPTIONS /api/attribute/getAttribute?id=2 [32m204[0m 0.502 ms - 0[0m
[0mGET /api/category/admin/main-list [36m304[0m 145.520 ms - -[0m
[0mGET /api/seller/admin/product/search?id=32 [36m304[0m 145.271 ms - -[0m
[0mGET /api/category/getAllSubCategory?categoryId=undefined [36m304[0m 146.343 ms - -[0m
[0mGET /api/attribute/getAttribute?id=8 [36m304[0m 145.669 ms - -[0m
[0mGET /api/attribute/getAttribute?id=6 [36m304[0m 147.592 ms - -[0m
[0mGET /api/attribute/getAttribute?id=1 [36m304[0m 149.645 ms - -[0m
[0mGET /api/attribute/getAttribute?id=7 [36m304[0m 30.643 ms - -[0m
[0mGET /api/attribute/getAttribute?id=2 [36m304[0m 32.422 ms - -[0m
[0mOPTIONS /api/product/update [32m204[0m 0.581 ms - 0[0m
[0mPOST /api/product/update [32m200[0m 229.946 ms - 45[0m
[0mOPTIONS /api/seller/history-product?limit=20&page=1 [32m204[0m 0.562 ms - 0[0m
[0mGET /api/seller/history-product?limit=20&page=1 [32m200[0m 104.729 ms - 40211[0m
[0mOPTIONS /api/category/admin/main-list [32m204[0m 0.894 ms - 0[0m
[0mOPTIONS /api/seller/admin/product/search?id=32 [32m204[0m 0.595 ms - 0[0m
[0mOPTIONS /api/category/getAllSubCategory?categoryId=undefined [32m204[0m 0.831 ms - 0[0m
[0mOPTIONS /api/attribute/getAttribute?id=8 [32m204[0m 0.565 ms - 0[0m
[0mOPTIONS /api/attribute/getAttribute?id=1 [32m204[0m 0.568 ms - 0[0m
[0mOPTIONS /api/attribute/getAttribute?id=6 [32m204[0m 0.516 ms - 0[0m
[0mOPTIONS /api/attribute/getAttribute?id=7 [32m204[0m 0.493 ms - 0[0m
[0mOPTIONS /api/attribute/getAttribute?id=2 [32m204[0m 0.465 ms - 0[0m
[0mGET /api/category/admin/main-list [36m304[0m 45.479 ms - -[0m
[0mGET /api/seller/admin/product/search?id=32 [36m304[0m 45.363 ms - -[0m
[0mGET /api/attribute/getAttribute?id=8 [36m304[0m 62.308 ms - -[0m
[0mGET /api/category/getAllSubCategory?categoryId=undefined [36m304[0m 69.897 ms - -[0m
[0mGET /api/attribute/getAttribute?id=1 [36m304[0m 82.556 ms - -[0m
[0mGET /api/attribute/getAttribute?id=6 [36m304[0m 91.918 ms - -[0m
[0mGET /api/attribute/getAttribute?id=7 [36m304[0m 69.728 ms - -[0m
[0mGET /api/attribute/getAttribute?id=2 [36m304[0m 81.277 ms - -[0m
[0mOPTIONS /api/category/admin/main-list [32m204[0m 2.284 ms - 0[0m
[0mOPTIONS /api/seller/admin/product/search?id=32 [32m204[0m 0.555 ms - 0[0m
[0mOPTIONS /api/category/getAllSubCategory?categoryId=undefined [32m204[0m 0.487 ms - 0[0m
[0mOPTIONS /api/attribute/getAttribute?id=8 [32m204[0m 0.513 ms - 0[0m
[0mOPTIONS /api/attribute/getAttribute?id=6 [32m204[0m 0.489 ms - 0[0m
[0mOPTIONS /api/attribute/getAttribute?id=1 [32m204[0m 0.550 ms - 0[0m
[0mOPTIONS /api/attribute/getAttribute?id=7 [32m204[0m 0.496 ms - 0[0m
[0mOPTIONS /api/attribute/getAttribute?id=2 [32m204[0m 0.468 ms - 0[0m
[0mGET /api/category/admin/main-list [36m304[0m 33.308 ms - -[0m
[0mGET /api/seller/admin/product/search?id=32 [36m304[0m 64.980 ms - -[0m
[0mGET /api/category/getAllSubCategory?categoryId=undefined [36m304[0m 90.263 ms - -[0m
[0mGET /api/attribute/getAttribute?id=8 [36m304[0m 116.501 ms - -[0m
[0mGET /api/attribute/getAttribute?id=6 [36m304[0m 140.963 ms - -[0m
[0mGET /api/attribute/getAttribute?id=1 [36m304[0m 137.843 ms - -[0m
[0mGET /api/attribute/getAttribute?id=7 [36m304[0m 131.899 ms - -[0m
[0mGET /api/attribute/getAttribute?id=2 [36m304[0m 105.333 ms - -[0m
[0mOPTIONS /api/order/list [32m204[0m 5.811 ms - 0[0m
[0mOPTIONS /api/order/getAllOrderInfo [32m204[0m 1.290 ms - 0[0m
[0mOPTIONS /api/order/OrderMatrix [32m204[0m 0.619 ms - 0[0m
[0mPOST /api/order/list [32m200[0m 161.120 ms - 12162[0m
[0mGET /api/order/getAllOrderInfo [36m304[0m 226.700 ms - -[0m
[0mPOST /api/order/OrderMatrix [32m200[0m 226.214 ms - 37552[0m
[0mOPTIONS /api/order/list [32m204[0m 0.948 ms - 0[0m
[0mOPTIONS /api/order/getAllOrderInfo [32m204[0m 0.679 ms - 0[0m
[0mOPTIONS /api/order/OrderMatrix [32m204[0m 1.751 ms - 0[0m
[0mPOST /api/order/list [32m200[0m 358.364 ms - 12162[0m
[0mGET /api/order/getAllOrderInfo [36m304[0m 377.320 ms - -[0m
[0mPOST /api/order/OrderMatrix [32m200[0m 380.047 ms - 37552[0m
[0mOPTIONS /api/order/list [32m204[0m 1.160 ms - 0[0m
[0mOPTIONS /api/order/getAllOrderInfo [32m204[0m 0.746 ms - 0[0m
[0mOPTIONS /api/order/OrderMatrix [32m204[0m 1.594 ms - 0[0m
[0mPOST /api/order/list [32m200[0m 169.142 ms - 12162[0m
[0mPOST /api/order/OrderMatrix [32m200[0m 192.412 ms - 37552[0m
[0mGET /api/order/getAllOrderInfo [36m304[0m 212.482 ms - -[0m
[0mOPTIONS /api/order/list [32m204[0m 1.011 ms - 0[0m
[0mOPTIONS /api/order/OrderMatrix [32m204[0m 0.582 ms - 0[0m
[0mOPTIONS /api/order/getAllOrderInfo [32m204[0m 0.407 ms - 0[0m
[0mPOST /api/order/list [32m200[0m 162.529 ms - 12162[0m
[0mPOST /api/order/OrderMatrix [32m200[0m 189.073 ms - 37552[0m
[0mGET /api/order/getAllOrderInfo [36m304[0m 191.772 ms - -[0m
[0mOPTIONS /api/order/getAllOrderInfo [32m204[0m 0.640 ms - 0[0m
[0mOPTIONS /api/order/list [32m204[0m 0.891 ms - 0[0m
[0mOPTIONS /api/order/OrderMatrix [32m204[0m 0.939 ms - 0[0m
[0mPOST /api/order/list [32m200[0m 191.174 ms - 12162[0m
[0mPOST /api/order/OrderMatrix [32m200[0m 210.876 ms - 37552[0m
[0mGET /api/order/getAllOrderInfo [36m304[0m 237.852 ms - -[0m
[0mOPTIONS /api/order/list [32m204[0m 0.598 ms - 0[0m
[0mOPTIONS /api/order/getAllOrderInfo [32m204[0m 0.415 ms - 0[0m
[0mOPTIONS /api/order/OrderMatrix [32m204[0m 0.423 ms - 0[0m
[0mPOST /api/order/list [32m200[0m 55.944 ms - 12162[0m
[0mPOST /api/order/OrderMatrix [32m200[0m 107.786 ms - 37552[0m
[0mGET /api/order/getAllOrderInfo [36m304[0m 148.666 ms - -[0m
[0mOPTIONS /api/order/list [32m204[0m 0.682 ms - 0[0m
[0mOPTIONS /api/order/getAllOrderInfo [32m204[0m 0.546 ms - 0[0m
[0mOPTIONS /api/order/OrderMatrix [32m204[0m 0.426 ms - 0[0m
[0mPOST /api/order/list [32m200[0m 71.072 ms - 12162[0m
[0mGET /api/order/getAllOrderInfo [36m304[0m 74.608 ms - -[0m
[0mPOST /api/order/OrderMatrix [32m200[0m 108.648 ms - 37552[0m
[0mOPTIONS /api/blog/list [32m204[0m 0.468 ms - 0[0m
[0mGET /api/blog/list [32m200[0m 47.226 ms - 1237[0m
[0mOPTIONS /api/faq/getFaq [32m204[0m 0.644 ms - 0[0m
[0mGET /api/faq/getFaq [32m200[0m 1940.794 ms - 13877[0m
[0mOPTIONS /api/category/admin/main-list [32m204[0m 0.670 ms - 0[0m
[0mOPTIONS /api/category/admin/main-list [32m204[0m 0.930 ms - 0[0m
[0mOPTIONS /api/category/admin/main-list [32m204[0m 0.761 ms - 0[0m
[0mOPTIONS /api/category/admin/main-list [32m204[0m 0.682 ms - 0[0m
[0mOPTIONS /api/category/admin/main-list [32m204[0m 0.663 ms - 0[0m
[0mOPTIONS /api/category/admin/main-list [32m204[0m 0.571 ms - 0[0m
[0mOPTIONS /api/category/admin/main-list [32m204[0m 0.539 ms - 0[0m
[0mOPTIONS /api/category/admin/main-list [32m204[0m 0.464 ms - 0[0m
[0mOPTIONS /api/category/admin/main-list [32m204[0m 0.615 ms - 0[0m
[0mOPTIONS /api/category/admin/main-list [32m204[0m 0.553 ms - 0[0m
[0mOPTIONS /api/category/admin/main-list [32m204[0m 0.473 ms - 0[0m
[0mOPTIONS /api/category/admin/main-list [32m204[0m 0.658 ms - 0[0m
[0mOPTIONS /api/category/admin/main-list [32m204[0m 1.113 ms - 0[0m
[0mOPTIONS /api/category/admin/main-list [32m204[0m 0.765 ms - 0[0m
[0mOPTIONS /api/category/admin/main-list [32m204[0m 0.430 ms - 0[0m
[0mOPTIONS /api/category/admin/main-list [32m204[0m 0.365 ms - 0[0m
[0mOPTIONS /api/category/admin/main-list [32m204[0m 0.322 ms - 0[0m
[0mOPTIONS /api/category/admin/main-list [32m204[0m 0.358 ms - 0[0m
[0mOPTIONS /api/category/admin/main-list [32m204[0m 0.324 ms - 0[0m
[0mOPTIONS /api/category/admin/main-list [32m204[0m 0.420 ms - 0[0m
[0mOPTIONS /api/category/admin/main-list [32m204[0m 0.326 ms - 0[0m
[0mOPTIONS /api/category/admin/main-list [32m204[0m 0.303 ms - 0[0m
[0mOPTIONS /api/category/admin/main-list [32m204[0m 0.350 ms - 0[0m
[0mOPTIONS /api/category/admin/main-list [32m204[0m 0.428 ms - 0[0m
[0mGET /api/category/admin/main-list [36m304[0m 40.416 ms - -[0m
[0mOPTIONS /api/category/sub-list [32m204[0m 0.432 ms - 0[0m
[0mGET /api/category/sub-list [32m200[0m 32.024 ms - 1762[0m
[0mGET /api/category/admin/main-list [36m304[0m 39.085 ms - -[0m
[0mGET /api/category/sub-list [36m304[0m 29.282 ms - -[0m
[0mGET /api/category/admin/main-list [36m304[0m 38.406 ms - -[0m
[0mGET /api/category/sub-list [36m304[0m 28.776 ms - -[0m
[0mGET /api/category/admin/main-list [36m304[0m 38.226 ms - -[0m
[0mGET /api/category/sub-list [36m304[0m 27.968 ms - -[0m
[0mGET /api/category/admin/main-list [36m304[0m 38.855 ms - -[0m
[0mGET /api/category/sub-list [36m304[0m 28.528 ms - -[0m
[0mGET /api/category/admin/main-list [36m304[0m 38.339 ms - -[0m
[0mGET /api/category/sub-list [36m304[0m 28.522 ms - -[0m
[0mGET /api/category/admin/main-list [36m304[0m 38.170 ms - -[0m
[0mGET /api/category/sub-list [36m304[0m 29.753 ms - -[0m
[0mGET /api/category/admin/main-list [36m304[0m 38.025 ms - -[0m
[0mGET /api/category/sub-list [36m304[0m 29.187 ms - -[0m
[0mGET /api/category/admin/main-list [36m304[0m 37.846 ms - -[0m
[0mGET /api/category/sub-list [36m304[0m 27.808 ms - -[0m
[0mGET /api/category/admin/main-list [36m304[0m 39.028 ms - -[0m
[0mGET /api/category/sub-list [36m304[0m 27.829 ms - -[0m
[0mGET /api/category/admin/main-list [36m304[0m 38.114 ms - -[0m
[0mGET /api/category/sub-list [36m304[0m 27.809 ms - -[0m
[0mGET /api/category/admin/main-list [36m304[0m 39.423 ms - -[0m
[0mGET /api/category/sub-list [36m304[0m 32.955 ms - -[0m
[0mGET /api/category/admin/main-list [36m304[0m 44.435 ms - -[0m
[0mGET /api/category/sub-list [36m304[0m 32.155 ms - -[0m
[0mGET /api/category/admin/main-list [36m304[0m 42.724 ms - -[0m
[0mGET /api/category/admin/main-list [36m304[0m 40.688 ms - -[0m
[0mGET /api/category/sub-list [36m304[0m 38.836 ms - -[0m
[0mGET /api/category/admin/main-list [36m304[0m 40.633 ms - -[0m
[0mGET /api/category/sub-list [36m304[0m 34.968 ms - -[0m
[0mGET /api/category/admin/main-list [36m304[0m 29.967 ms - -[0m
[0mGET /api/category/sub-list [36m304[0m 45.183 ms - -[0m
[0mGET /api/category/admin/main-list [36m304[0m 30.303 ms - -[0m
[0mGET /api/category/sub-list [36m304[0m 41.358 ms - -[0m
[0mGET /api/category/admin/main-list [36m304[0m 30.584 ms - -[0m
[0mGET /api/category/sub-list [36m304[0m 30.626 ms - -[0m
[0mGET /api/category/admin/main-list [36m304[0m 38.328 ms - -[0m
[0mGET /api/category/sub-list [36m304[0m 30.326 ms - -[0m
[0mGET /api/category/admin/main-list [36m304[0m 37.884 ms - -[0m
[0mGET /api/category/sub-list [36m304[0m 29.110 ms - -[0m
[0mGET /api/category/admin/main-list [36m304[0m 37.635 ms - -[0m
[0mGET /api/category/sub-list [36m304[0m 28.825 ms - -[0m
[0mGET /api/category/sub-list [36m304[0m 29.053 ms - -[0m
[0mGET /api/category/admin/main-list [36m304[0m 38.866 ms - -[0m
[0mGET /api/category/admin/main-list [36m304[0m 39.490 ms - -[0m
[0mGET /api/category/sub-list [36m304[0m 35.726 ms - -[0m
[0mGET /api/category/sub-list [36m304[0m 29.543 ms - -[0m
[0mOPTIONS /api/privacypolicy/getPrivacy [32m204[0m 0.949 ms - 0[0m
[0mGET /api/privacypolicy/getPrivacy [32m200[0m 55.627 ms - 11519[0m
[0mOPTIONS /api/product/getAllList [32m204[0m 0.691 ms - 0[0m
[0mGET /api/product/getAllList [32m200[0m 64.493 ms - 939[0m
[0mOPTIONS /api/aboutus/getAbout [32m204[0m 0.450 ms - 0[0m
[0mGET /api/aboutus/getAbout [32m200[0m 137.069 ms - 1420[0m
[0mOPTIONS /api/product/getAllList [32m204[0m 0.455 ms - 0[0m
[0mGET /api/product/getAllList [36m304[0m 70.462 ms - -[0m
[0mOPTIONS /api/aboutus/getAbout [32m204[0m 0.437 ms - 0[0m
[0mOPTIONS /api/product/getAllList [32m204[0m 0.533 ms - 0[0m
[0mGET /api/product/getAllList [36m304[0m 57.456 ms - -[0m
[0mOPTIONS /api/blog/list [32m204[0m 0.420 ms - 0[0m
[0mGET /api/blog/list [36m304[0m 32.117 ms - -[0m
[0mOPTIONS /api/faq/getFaq [32m204[0m 0.415 ms - 0[0m
[0mGET /api/faq/getFaq [36m304[0m 1422.820 ms - -[0m
[0mOPTIONS /api/category/admin/main-list [32m204[0m 0.645 ms - 0[0m
[0mOPTIONS /api/category/admin/main-list [32m204[0m 0.607 ms - 0[0m
[0mOPTIONS /api/category/admin/main-list [32m204[0m 0.714 ms - 0[0m
[0mOPTIONS /api/category/admin/main-list [32m204[0m 0.485 ms - 0[0m
[0mOPTIONS /api/category/admin/main-list [32m204[0m 0.438 ms - 0[0m
[0mOPTIONS /api/category/admin/main-list [32m204[0m 0.422 ms - 0[0m
[0mOPTIONS /api/category/admin/main-list [32m204[0m 0.434 ms - 0[0m
[0mOPTIONS /api/category/admin/main-list [32m204[0m 0.659 ms - 0[0m
[0mOPTIONS /api/category/admin/main-list [32m204[0m 0.420 ms - 0[0m
[0mOPTIONS /api/category/admin/main-list [32m204[0m 0.336 ms - 0[0m
[0mOPTIONS /api/category/admin/main-list [32m204[0m 0.322 ms - 0[0m
[0mOPTIONS /api/category/admin/main-list [32m204[0m 0.310 ms - 0[0m
[0mOPTIONS /api/category/admin/main-list [32m204[0m 0.321 ms - 0[0m
[0mOPTIONS /api/category/admin/main-list [32m204[0m 0.328 ms - 0[0m
[0mOPTIONS /api/category/admin/main-list [32m204[0m 0.367 ms - 0[0m
[0mOPTIONS /api/category/admin/main-list [32m204[0m 0.307 ms - 0[0m
[0mOPTIONS /api/category/admin/main-list [32m204[0m 0.296 ms - 0[0m
[0mGET /api/category/admin/main-list [36m304[0m 29.088 ms - -[0m
[0mOPTIONS /api/category/sub-list [32m204[0m 0.408 ms - 0[0m
[0mGET /api/category/admin/main-list [36m304[0m 28.791 ms - -[0m
[0mGET /api/category/sub-list [36m304[0m 52.834 ms - -[0m
[0mGET /api/category/admin/main-list [36m304[0m 54.957 ms - -[0m
[0mGET /api/category/sub-list [36m304[0m 56.375 ms - -[0m
[0mGET /api/category/admin/main-list [36m304[0m 54.650 ms - -[0m
[0mGET /api/category/sub-list [36m304[0m 53.679 ms - -[0m
[0mGET /api/category/admin/main-list [36m304[0m 38.862 ms - -[0m
[0mGET /api/category/sub-list [36m304[0m 44.462 ms - -[0m
[0mGET /api/category/admin/main-list [36m304[0m 44.249 ms - -[0m
[0mGET /api/category/sub-list [36m304[0m 60.958 ms - -[0m
[0mGET /api/category/admin/main-list [36m304[0m 49.275 ms - -[0m
[0mGET /api/category/sub-list [36m304[0m 46.051 ms - -[0m
[0mGET /api/category/admin/main-list [36m304[0m 66.309 ms - -[0m
[0mGET /api/category/sub-list [36m304[0m 45.134 ms - -[0m
[0mGET /api/category/admin/main-list [36m304[0m 66.378 ms - -[0m
[0mGET /api/category/sub-list [36m304[0m 44.221 ms - -[0m
[0mGET /api/category/admin/main-list [36m304[0m 42.157 ms - -[0m
[0mGET /api/category/sub-list [36m304[0m 67.824 ms - -[0m
[0mGET /api/category/admin/main-list [36m304[0m 56.451 ms - -[0m
[0mGET /api/category/sub-list [36m304[0m 69.123 ms - -[0m
[0mGET /api/category/admin/main-list [36m304[0m 42.775 ms - -[0m
[0mGET /api/category/sub-list [36m304[0m 47.668 ms - -[0m
[0mGET /api/category/admin/main-list [36m304[0m 66.686 ms - -[0m
[0mGET /api/category/sub-list [36m304[0m 47.224 ms - -[0m
[0mGET /api/category/admin/main-list [36m304[0m 67.338 ms - -[0m
[0mGET /api/category/sub-list [36m304[0m 46.059 ms - -[0m
[0mGET /api/category/admin/main-list [36m304[0m 44.646 ms - -[0m
[0mGET /api/category/sub-list [36m304[0m 71.071 ms - -[0m
[0mGET /api/category/admin/main-list [36m304[0m 49.738 ms - -[0m
[0mGET /api/category/admin/main-list [36m304[0m 45.956 ms - -[0m
[0mGET /api/category/sub-list [36m304[0m 71.049 ms - -[0m
[0mGET /api/category/sub-list [36m304[0m 44.732 ms - -[0m
[0mGET /api/category/admin/main-list [36m304[0m 65.836 ms - -[0m
[0mGET /api/category/sub-list [36m304[0m 42.860 ms - -[0m
[0mGET /api/category/admin/main-list [36m304[0m 65.938 ms - -[0m
[0mGET /api/category/sub-list [36m304[0m 46.123 ms - -[0m
[0mGET /api/category/admin/main-list [36m304[0m 66.171 ms - -[0m
[0mGET /api/category/sub-list [36m304[0m 42.773 ms - -[0m
[0mGET /api/category/sub-list [36m304[0m 42.798 ms - -[0m
[0mGET /api/category/admin/main-list [36m304[0m 64.539 ms - -[0m
[0mGET /api/category/sub-list [36m304[0m 42.141 ms - -[0m
[0mGET /api/category/admin/main-list [36m304[0m 65.547 ms - -[0m
[0mGET /api/category/sub-list [36m304[0m 42.629 ms - -[0m
[0mGET /api/category/admin/main-list [36m304[0m 65.371 ms - -[0m
[0mGET /api/category/sub-list [36m304[0m 43.423 ms - -[0m
[0mGET /api/category/admin/main-list [36m304[0m 65.030 ms - -[0m
[0mGET /api/category/sub-list [36m304[0m 67.438 ms - -[0m
[0mOPTIONS /api/order/list [32m204[0m 0.561 ms - 0[0m
[0mOPTIONS /api/order/getAllOrderInfo [32m204[0m 0.416 ms - 0[0m
[0mOPTIONS /api/order/OrderMatrix [32m204[0m 0.353 ms - 0[0m
[0mPOST /api/order/list [32m200[0m 73.042 ms - 12162[0m
[0mGET /api/order/getAllOrderInfo [36m304[0m 75.207 ms - -[0m
[0mPOST /api/order/OrderMatrix [32m200[0m 94.247 ms - 37552[0m
[0mOPTIONS /api/blog/list [32m204[0m 0.474 ms - 0[0m
[0mGET /api/blog/list [36m304[0m 137.040 ms - -[0m
[0mOPTIONS /api/product/getAllList [32m204[0m 0.423 ms - 0[0m
[0mGET /api/product/getAllList [36m304[0m 106.648 ms - -[0m
[0mOPTIONS /api/blog/create [32m204[0m 0.438 ms - 0[0m
[0mPOST /api/blog/create [32m200[0m 587.014 ms - 69[0m
[0mOPTIONS /api/blog/list [32m204[0m 0.984 ms - 0[0m
[0mOPTIONS /api/order/list [32m204[0m 9.088 ms - 0[0m
[0mOPTIONS /api/order/getAllOrderInfo [32m204[0m 1.671 ms - 0[0m
[0mOPTIONS /api/order/OrderMatrix [32m204[0m 1.063 ms - 0[0m
[0mPOST /api/order/list [32m200[0m 226.936 ms - 12162[0m
[0mGET /api/order/getAllOrderInfo [36m304[0m 214.196 ms - -[0m
[0mPOST /api/order/OrderMatrix [32m200[0m 220.283 ms - 37552[0m
[0mOPTIONS /api/category/admin/main-list [32m204[0m 0.836 ms - 0[0m
[0mOPTIONS /api/website/collection/list [32m204[0m 0.820 ms - 0[0m
[0mOPTIONS /api/attribute/getAllAttribute [32m204[0m 1.395 ms - 0[0m
[0mGET /api/category/admin/main-list [36m304[0m 33.870 ms - -[0m
[0mPOST /api/website/collection/list [32m200[0m 39.270 ms - 759[0m
[0mGET /api/attribute/getAllAttribute [32m200[0m 44.875 ms - 3410[0m
[0mOPTIONS /api/blog/list [32m204[0m 0.708 ms - 0[0m
[0mGET /api/blog/list [32m200[0m 35.676 ms - 1423[0m
[0mOPTIONS /api/blog/delete [32m204[0m 0.707 ms - 0[0m
[0mPOST /api/blog/delete [32m200[0m 32.475 ms - 74[0m
[0mGET /api/blog/list [32m200[0m 32.219 ms - 1237[0m
[0mOPTIONS /api/product/getAllList [32m204[0m 0.617 ms - 0[0m
[0mGET /api/product/getAllList [36m304[0m 73.101 ms - -[0m
[0mOPTIONS /api/blog/create [32m204[0m 0.656 ms - 0[0m
[0mPOST /api/blog/create [32m200[0m 511.721 ms - 69[0m
[0mOPTIONS /api/blog/create [32m204[0m 5.518 ms - 0[0m
[0mPOST /api/blog/create [32m200[0m 534.630 ms - 69[0m
[0mOPTIONS /api/blog/create [32m204[0m 5.210 ms - 0[0m
[0mPOST /api/blog/create [32m200[0m 517.139 ms - 69[0m
[0mOPTIONS /api/blog/list [32m204[0m 1.103 ms - 0[0m
[0mGET /api/blog/list [32m200[0m 40.396 ms - 1891[0m
[0mOPTIONS /api/blog/delete [32m204[0m 0.915 ms - 0[0m
[0mPOST /api/blog/delete [32m200[0m 48.519 ms - 74[0m
[0mOPTIONS /api/blog/list [32m204[0m 1.597 ms - 0[0m
[0mGET /api/blog/list [32m200[0m 32.048 ms - 1692[0m
[0mPOST /api/blog/delete [32m200[0m 31.892 ms - 74[0m
[0mGET /api/blog/list [32m200[0m 29.688 ms - 1496[0m
[0mOPTIONS /api/blog/delete [32m204[0m 0.803 ms - 0[0m
[0mPOST /api/blog/delete [32m200[0m 30.298 ms - 74[0m
[0mOPTIONS /api/blog/list [32m204[0m 0.721 ms - 0[0m
[0mGET /api/blog/list [32m200[0m 29.677 ms - 1277[0m
[0mPOST /api/blog/delete [32m200[0m 30.174 ms - 74[0m
[0mGET /api/blog/list [32m200[0m 29.236 ms - 1051[0m
[0mOPTIONS /api/privacypolicy/getPrivacy [32m204[0m 0.642 ms - 0[0m
[0mGET /api/privacypolicy/getPrivacy [36m304[0m 35.161 ms - -[0m
[0mOPTIONS /api/product/getAllList [32m204[0m 0.738 ms - 0[0m
[0mGET /api/product/getAllList [36m304[0m 81.294 ms - -[0m
[0mOPTIONS /api/privacypolicy/insert [32m204[0m 1.250 ms - 0[0m
[0mPOST /api/privacypolicy/insert [32m201[0m 444.261 ms - 64[0m
[0mOPTIONS /api/order/list [32m204[0m 6.955 ms - 0[0m
[0mOPTIONS /api/order/getAllOrderInfo [32m204[0m 1.502 ms - 0[0m
[0mOPTIONS /api/order/OrderMatrix [32m204[0m 1.067 ms - 0[0m
[0mPOST /api/order/list [32m200[0m 183.114 ms - 12162[0m
[0mPOST /api/order/OrderMatrix [32m200[0m 204.722 ms - 37552[0m
[0mGET /api/order/getAllOrderInfo [36m304[0m 209.854 ms - -[0m
[0mOPTIONS /api/aboutus/getAbout [32m204[0m 0.984 ms - 0[0m
[0mGET /api/aboutus/getAbout [36m304[0m 46.047 ms - -[0m
[0mOPTIONS /api/product/getAllList [32m204[0m 1.011 ms - 0[0m
[0mGET /api/product/getAllList [36m304[0m 90.334 ms - -[0m
[0mOPTIONS /api/aboutus/insert [32m204[0m 0.657 ms - 0[0m
[0mPOST /api/aboutus/insert [32m201[0m 539.957 ms - 58[0m
[0mOPTIONS /api/order/list [32m204[0m 0.934 ms - 0[0m
[0mOPTIONS /api/order/getAllOrderInfo [32m204[0m 0.966 ms - 0[0m
[0mOPTIONS /api/order/OrderMatrix [32m204[0m 2.032 ms - 0[0m
[0mPOST /api/order/list [32m200[0m 108.929 ms - 12162[0m
[0mPOST /api/order/OrderMatrix [32m200[0m 199.005 ms - 37552[0m
[0mGET /api/order/getAllOrderInfo [36m304[0m 199.032 ms - -[0m
